2024-04-01 11:42:50,200 INFO o.s.b.StartupInfoLogger [main] Starting LoggerApplication using Java 18.0.2.1 with PID 8987 (/Users/arpineoganisian/IdeaProjects/OpenSchool3-Logger/target/classes started by arpineoganisian in /Users/arpineoganisian/IdeaProjects/OpenSchool3-Logger)
2024-04-01 11:42:50,204 INFO o.s.b.SpringApplication [main] No active profile set, falling back to 1 default profile: "default"
2024-04-01 11:42:50,442 INFO o.s.d.r.c.RepositoryConfigurationDelegate [main] Bootstrapping Spring Data JPA repositories in DEFAULT mode.
2024-04-01 11:42:50,461 INFO o.s.d.r.c.RepositoryConfigurationDelegate [main] Finished Spring Data repository scanning in 16 ms. Found 2 JPA repository interfaces.
2024-04-01 11:42:50,688 INFO o.s.b.w.e.t.TomcatWebServer [main] Tomcat initialized with port 8080 (http)
2024-04-01 11:42:50,693 INFO o.a.j.l.DirectJDKLog [main] Initializing ProtocolHandler ["http-nio-8080"]
2024-04-01 11:42:50,694 INFO o.a.j.l.DirectJDKLog [main] Starting service [Tomcat]
2024-04-01 11:42:50,694 INFO o.a.j.l.DirectJDKLog [main] Starting Servlet engine: [Apache Tomcat/10.1.19]
2024-04-01 11:42:50,715 INFO o.a.j.l.DirectJDKLog [main] Initializing Spring embedded WebApplicationContext
2024-04-01 11:42:50,715 INFO o.s.b.w.s.c.ServletWebServerApplicationContext [main] Root WebApplicationContext: initialization completed in 496 ms
2024-04-01 11:42:50,732 INFO c.z.h.HikariDataSource [main] HikariPool-1 - Starting...
2024-04-01 11:42:50,823 INFO c.z.h.p.HikariPool [main] HikariPool-1 - Added connection conn0: url=jdbc:h2:mem:testdb user=SA
2024-04-01 11:42:50,824 INFO c.z.h.HikariDataSource [main] HikariPool-1 - Start completed.
2024-04-01 11:42:50,828 INFO o.s.b.a.h.H2ConsoleAutoConfiguration [main] H2 console available at '/h2-console'. Database available at 'jdbc:h2:mem:testdb'
2024-04-01 11:42:50,881 INFO o.h.j.i.u.LogHelper [main] HHH000204: Processing PersistenceUnitInfo [name: default]
2024-04-01 11:42:50,905 INFO o.h.Version [main] HHH000412: Hibernate ORM core version 6.4.4.Final
2024-04-01 11:42:50,921 INFO o.h.c.i.RegionFactoryInitiator [main] HHH000026: Second-level cache disabled
2024-04-01 11:42:51,015 INFO o.s.o.j.p.SpringPersistenceUnitInfo [main] No LoadTimeWeaver setup: ignoring JPA class transformer
2024-04-01 11:42:51,384 INFO o.h.e.t.j.p.i.JtaPlatformInitiator [main] HHH000489: No JTA platform available (set 'hibernate.transaction.jta.platform' to enable JTA platform integration)
2024-04-01 11:42:51,415 INFO o.s.o.j.AbstractEntityManagerFactoryBean [main] Initialized JPA EntityManagerFactory for persistence unit 'default'
2024-04-01 11:42:51,557 WARN o.s.b.a.o.j.JpaBaseConfiguration$JpaWebConfiguration [main] spring.jpa.open-in-view is enabled by default. Therefore, database queries may be performed during view rendering. Explicitly configure spring.jpa.open-in-view to disable this warning
2024-04-01 11:42:51,707 INFO o.a.j.l.DirectJDKLog [main] Starting ProtocolHandler ["http-nio-8080"]
2024-04-01 11:42:51,712 INFO o.s.b.w.e.t.TomcatWebServer [main] Tomcat started on port 8080 (http) with context path ''
2024-04-01 11:42:51,717 INFO o.s.b.StartupInfoLogger [main] Started LoggerApplication in 1.645 seconds (process running for 1.974)
2024-04-01 11:42:51,719 INFO c.e.o.a.LoggingAspect [main] before execution(void com.example.openschool3logger.service.OrderService.create(OrderEntity)), args=[Order{id=null, description='Desc', status='Status'}]
2024-04-01 11:42:51,736 INFO c.e.o.a.LoggingAspect [main] after execution(void com.example.openschool3logger.service.OrderService.create(OrderEntity))
2024-04-01 11:43:05,494 INFO o.s.o.j.AbstractEntityManagerFactoryBean [SpringApplicationShutdownHook] Closing JPA EntityManagerFactory for persistence unit 'default'
2024-04-01 11:43:05,497 INFO c.z.h.HikariDataSource [SpringApplicationShutdownHook] HikariPool-1 - Shutdown initiated...
2024-04-01 11:43:05,499 INFO c.z.h.HikariDataSource [SpringApplicationShutdownHook] HikariPool-1 - Shutdown completed.
2024-04-01 11:43:14,550 INFO o.s.t.c.s.AnnotationConfigContextLoaderUtils [main] Could not detect default configuration classes for test class [com.example.openschool3logger.LoggerApplicationTests]: LoggerApplicationTests does not declare any static, non-private, non-final, nested classes annotated with @Configuration.
2024-04-01 11:43:14,594 INFO o.s.b.t.c.SpringBootTestContextBootstrapper [main] Found @SpringBootConfiguration com.example.openschool3logger.LoggerApplication for test class com.example.openschool3logger.LoggerApplicationTests
2024-04-01 11:43:14,725 INFO o.s.b.StartupInfoLogger [main] Starting LoggerApplicationTests using Java 18.0.2.1 with PID 8993 (started by arpineoganisian in /Users/arpineoganisian/IdeaProjects/OpenSchool3-Logger)
2024-04-01 11:43:14,727 INFO o.s.b.SpringApplication [main] No active profile set, falling back to 1 default profile: "default"
2024-04-01 11:43:14,983 INFO o.s.d.r.c.RepositoryConfigurationDelegate [main] Bootstrapping Spring Data JPA repositories in DEFAULT mode.
2024-04-01 11:43:15,005 INFO o.s.d.r.c.RepositoryConfigurationDelegate [main] Finished Spring Data repository scanning in 19 ms. Found 2 JPA repository interfaces.
2024-04-01 11:43:15,232 INFO o.h.j.i.u.LogHelper [main] HHH000204: Processing PersistenceUnitInfo [name: default]
2024-04-01 11:43:15,258 INFO o.h.Version [main] HHH000412: Hibernate ORM core version 6.4.4.Final
2024-04-01 11:43:15,271 INFO o.h.c.i.RegionFactoryInitiator [main] HHH000026: Second-level cache disabled
2024-04-01 11:43:15,358 INFO o.s.o.j.p.SpringPersistenceUnitInfo [main] No LoadTimeWeaver setup: ignoring JPA class transformer
2024-04-01 11:43:15,371 INFO c.z.h.HikariDataSource [main] HikariPool-1 - Starting...
2024-04-01 11:43:15,457 INFO c.z.h.p.HikariPool [main] HikariPool-1 - Added connection conn0: url=jdbc:h2:mem:testdb user=SA
2024-04-01 11:43:15,458 INFO c.z.h.HikariDataSource [main] HikariPool-1 - Start completed.
2024-04-01 11:43:15,867 INFO o.h.e.t.j.p.i.JtaPlatformInitiator [main] HHH000489: No JTA platform available (set 'hibernate.transaction.jta.platform' to enable JTA platform integration)
2024-04-01 11:43:15,899 INFO o.s.o.j.AbstractEntityManagerFactoryBean [main] Initialized JPA EntityManagerFactory for persistence unit 'default'
2024-04-01 11:43:16,092 WARN o.s.b.a.o.j.JpaBaseConfiguration$JpaWebConfiguration [main] spring.jpa.open-in-view is enabled by default. Therefore, database queries may be performed during view rendering. Explicitly configure spring.jpa.open-in-view to disable this warning
2024-04-01 11:43:16,248 INFO o.s.b.a.h.H2ConsoleAutoConfiguration [main] H2 console available at '/h2-console'. Database available at 'jdbc:h2:mem:testdb'
2024-04-01 11:43:16,275 INFO o.s.b.StartupInfoLogger [main] Started LoggerApplicationTests in 1.629 seconds (process running for 2.156)
2024-04-01 11:43:16,278 INFO c.e.o.a.LoggingAspect [main] before execution(void com.example.openschool3logger.service.OrderService.create(OrderEntity)), args=[Order{id=null, description='Desc', status='Status'}]
2024-04-01 11:43:16,299 INFO c.e.o.a.LoggingAspect [main] after execution(void com.example.openschool3logger.service.OrderService.create(OrderEntity))
2024-04-01 11:43:16,602 INFO o.s.t.c.s.AnnotationConfigContextLoaderUtils [main] Could not detect default configuration classes for test class [com.example.openschool3logger.service.UserServiceTest]: UserServiceTest does not declare any static, non-private, non-final, nested classes annotated with @Configuration.
2024-04-01 11:43:16,606 INFO o.s.b.t.c.SpringBootTestContextBootstrapper [main] Found @SpringBootConfiguration com.example.openschool3logger.LoggerApplication for test class com.example.openschool3logger.service.UserServiceTest
2024-04-01 11:43:16,614 INFO o.s.t.c.s.AnnotationConfigContextLoaderUtils [main] Could not detect default configuration classes for test class [com.example.openschool3logger.service.OrderServiceTest]: OrderServiceTest does not declare any static, non-private, non-final, nested classes annotated with @Configuration.
2024-04-01 11:43:16,615 INFO o.s.b.t.c.SpringBootTestContextBootstrapper [main] Found @SpringBootConfiguration com.example.openschool3logger.LoggerApplication for test class com.example.openschool3logger.service.OrderServiceTest
2024-04-01 11:43:16,617 INFO c.e.o.a.LoggingAspect [main] before execution(void com.example.openschool3logger.service.OrderService.create(OrderEntity)), args=[Order{id=null, description='Desc', status='Status'}]
2024-04-01 11:43:16,618 INFO c.e.o.a.LoggingAspect [main] after execution(void com.example.openschool3logger.service.OrderService.create(OrderEntity))
2024-04-01 11:43:16,626 INFO o.s.o.j.AbstractEntityManagerFactoryBean [SpringApplicationShutdownHook] Closing JPA EntityManagerFactory for persistence unit 'default'
2024-04-01 11:43:16,627 INFO c.z.h.HikariDataSource [SpringApplicationShutdownHook] HikariPool-1 - Shutdown initiated...
2024-04-01 11:43:16,628 INFO c.z.h.HikariDataSource [SpringApplicationShutdownHook] HikariPool-1 - Shutdown completed.
2024-04-01 11:50:54,808 INFO o.s.t.c.s.AnnotationConfigContextLoaderUtils [main] Could not detect default configuration classes for test class [com.example.openschool3logger.LoggerApplicationTests]: LoggerApplicationTests does not declare any static, non-private, non-final, nested classes annotated with @Configuration.
2024-04-01 11:50:54,855 INFO o.s.b.t.c.SpringBootTestContextBootstrapper [main] Found @SpringBootConfiguration com.example.openschool3logger.LoggerApplication for test class com.example.openschool3logger.LoggerApplicationTests
2024-04-01 11:50:54,996 INFO o.s.b.StartupInfoLogger [main] Starting LoggerApplicationTests using Java 18.0.2.1 with PID 9041 (started by arpineoganisian in /Users/arpineoganisian/IdeaProjects/OpenSchool3-Logger)
2024-04-01 11:50:54,998 INFO o.s.b.SpringApplication [main] No active profile set, falling back to 1 default profile: "default"
2024-04-01 11:50:55,270 INFO o.s.d.r.c.RepositoryConfigurationDelegate [main] Bootstrapping Spring Data JPA repositories in DEFAULT mode.
2024-04-01 11:50:55,294 INFO o.s.d.r.c.RepositoryConfigurationDelegate [main] Finished Spring Data repository scanning in 20 ms. Found 2 JPA repository interfaces.
2024-04-01 11:50:55,526 INFO o.h.j.i.u.LogHelper [main] HHH000204: Processing PersistenceUnitInfo [name: default]
2024-04-01 11:50:55,559 INFO o.h.Version [main] HHH000412: Hibernate ORM core version 6.4.4.Final
2024-04-01 11:50:55,577 INFO o.h.c.i.RegionFactoryInitiator [main] HHH000026: Second-level cache disabled
2024-04-01 11:50:55,686 INFO o.s.o.j.p.SpringPersistenceUnitInfo [main] No LoadTimeWeaver setup: ignoring JPA class transformer
2024-04-01 11:50:55,699 INFO c.z.h.HikariDataSource [main] HikariPool-1 - Starting...
2024-04-01 11:50:55,791 INFO c.z.h.p.HikariPool [main] HikariPool-1 - Added connection conn0: url=jdbc:h2:mem:testdb user=SA
2024-04-01 11:50:55,792 INFO c.z.h.HikariDataSource [main] HikariPool-1 - Start completed.
2024-04-01 11:50:56,208 INFO o.h.e.t.j.p.i.JtaPlatformInitiator [main] HHH000489: No JTA platform available (set 'hibernate.transaction.jta.platform' to enable JTA platform integration)
2024-04-01 11:50:56,241 INFO o.s.o.j.AbstractEntityManagerFactoryBean [main] Initialized JPA EntityManagerFactory for persistence unit 'default'
2024-04-01 11:50:56,430 WARN o.s.b.a.o.j.JpaBaseConfiguration$JpaWebConfiguration [main] spring.jpa.open-in-view is enabled by default. Therefore, database queries may be performed during view rendering. Explicitly configure spring.jpa.open-in-view to disable this warning
2024-04-01 11:50:56,579 INFO o.s.b.a.h.H2ConsoleAutoConfiguration [main] H2 console available at '/h2-console'. Database available at 'jdbc:h2:mem:testdb'
2024-04-01 11:50:56,604 INFO o.s.b.StartupInfoLogger [main] Started LoggerApplicationTests in 1.696 seconds (process running for 2.243)
2024-04-01 11:50:56,606 INFO c.e.o.a.LoggingAspect [main] before execution(void com.example.openschool3logger.service.OrderService.create(OrderEntity)), args=[Order{id=null, description='Desc', status='Status'}]
2024-04-01 11:50:56,628 INFO c.e.o.a.LoggingAspect [main] after execution(void com.example.openschool3logger.service.OrderService.create(OrderEntity))
2024-04-01 11:50:56,925 INFO o.s.t.c.s.AnnotationConfigContextLoaderUtils [main] Could not detect default configuration classes for test class [com.example.openschool3logger.service.UserServiceTest]: UserServiceTest does not declare any static, non-private, non-final, nested classes annotated with @Configuration.
2024-04-01 11:50:56,928 INFO o.s.b.t.c.SpringBootTestContextBootstrapper [main] Found @SpringBootConfiguration com.example.openschool3logger.LoggerApplication for test class com.example.openschool3logger.service.UserServiceTest
2024-04-01 11:50:56,936 INFO o.s.t.c.s.AnnotationConfigContextLoaderUtils [main] Could not detect default configuration classes for test class [com.example.openschool3logger.service.OrderServiceTest]: OrderServiceTest does not declare any static, non-private, non-final, nested classes annotated with @Configuration.
2024-04-01 11:50:56,937 INFO o.s.b.t.c.SpringBootTestContextBootstrapper [main] Found @SpringBootConfiguration com.example.openschool3logger.LoggerApplication for test class com.example.openschool3logger.service.OrderServiceTest
2024-04-01 11:50:56,939 INFO c.e.o.a.LoggingAspect [main] before execution(void com.example.openschool3logger.service.OrderService.create(OrderEntity)), args=[Order{id=null, description='Desc', status='Status'}]
2024-04-01 11:50:56,940 INFO c.e.o.a.LoggingAspect [main] after execution(void com.example.openschool3logger.service.OrderService.create(OrderEntity))
2024-04-01 11:50:56,947 INFO o.s.o.j.AbstractEntityManagerFactoryBean [SpringApplicationShutdownHook] Closing JPA EntityManagerFactory for persistence unit 'default'
2024-04-01 11:50:56,949 INFO c.z.h.HikariDataSource [SpringApplicationShutdownHook] HikariPool-1 - Shutdown initiated...
2024-04-01 11:50:56,950 INFO c.z.h.HikariDataSource [SpringApplicationShutdownHook] HikariPool-1 - Shutdown completed.
